1618401317481	geckodriver	INFO	Listening on 127.0.0.1:58015
1618401317485	mozrunner::runner	INFO	Running command: "/usr/bin/firefox" "--marionette" "-foreground" "-no-remote" "-profile" "/tmp/rust_mozprofile7wqX3s"
console.warn: SearchSettings: "get: No settings file exists, new profile?" (new Error("", "(unknown module)"))
1618401320032	Marionette	INFO	Listening on port 46577
1618401320113	Marionette	WARN	TLS certificate errors will be ignored for this session
JavaScript error: resource://gre/actors/AutoCompleteChild.jsm, line 125: Error: Invalid autocomplete selectedIndex
1618401321680	Marionette	INFO	Stopped listening on port 46577
1618577281597	geckodriver	INFO	Listening on 127.0.0.1:53653
1618577282585	mozrunner::runner	INFO	Running command: "/usr/bin/firefox" "--marionette" "-foreground" "-no-remote" "-profile" "/tmp/rust_mozprofile7YpVj3"
console.warn: SearchSettings: "get: No settings file exists, new profile?" (new Error("", "(unknown module)"))
1618577284242	Marionette	INFO	Listening on port 35947
1618577284303	Marionette	WARN	TLS certificate errors will be ignored for this session
JavaScript warning: https://tgtag.io/tg.js, line 1: WebGL context was lost.
JavaScript warning: https://tgtag.io/tg.js, line 1: WebGL context was lost.
1618577345166	geckodriver	INFO	Listening on 127.0.0.1:44235
1618577345170	mozrunner::runner	INFO	Running command: "/usr/bin/firefox" "--marionette" "-foreground" "-no-remote" "-profile" "/tmp/rust_mozprofileVY1UBD"
console.warn: SearchSettings: "get: No settings file exists, new profile?" (new Error("", "(unknown module)"))
1618577346864	Marionette	INFO	Listening on port 44643
1618577346893	Marionette	WARN	TLS certificate errors will be ignored for this session
JavaScript warning: https://tgtag.io/tg.js, line 1: WebGL context was lost.
JavaScript warning: https://tgtag.io/tg.js, line 1: WebGL context was lost.
1618577353207	Marionette	INFO	Stopped listening on port 44643
1618577358917	geckodriver	INFO	Listening on 127.0.0.1:57681
1618577358921	mozrunner::runner	INFO	Running command: "/usr/bin/firefox" "--marionette" "-foreground" "-no-remote" "-profile" "/tmp/rust_mozprofileyHqD62"
console.warn: SearchSettings: "get: No settings file exists, new profile?" (new Error("", "(unknown module)"))
1618577360511	Marionette	INFO	Listening on port 38497
1618577360544	Marionette	WARN	TLS certificate errors will be ignored for this session
JavaScript warning: https://tgtag.io/tg.js, line 1: WebGL context was lost.
JavaScript warning: https://tgtag.io/tg.js, line 1: WebGL context was lost.
1618577368802	Marionette	INFO	Stopped listening on port 38497
1618577377090	geckodriver	INFO	Listening on 127.0.0.1:36527
1618577377093	mozrunner::runner	INFO	Running command: "/usr/bin/firefox" "--marionette" "-foreground" "-no-remote" "-profile" "/tmp/rust_mozprofile4Tdzrc"
console.warn: SearchSettings: "get: No settings file exists, new profile?" (new Error("", "(unknown module)"))
1618577378753	Marionette	INFO	Listening on port 43693
1618577378835	Marionette	WARN	TLS certificate errors will be ignored for this session
1618577381558	Marionette	INFO	Stopped listening on port 43693
JavaScript warning: https://tgtag.io/tg.js, line 1: WebGL context was lost.
JavaScript warning: https://tgtag.io/tg.js, line 1: WebGL context was lost.
1618577402455	geckodriver	INFO	Listening on 127.0.0.1:54475
1618577402458	mozrunner::runner	INFO	Running command: "/usr/bin/firefox" "--marionette" "-foreground" "-no-remote" "-profile" "/tmp/rust_mozprofileBUaIZ0"
console.warn: SearchSettings: "get: No settings file exists, new profile?" (new Error("", "(unknown module)"))
1618577404125	Marionette	INFO	Listening on port 38445
1618577404197	Marionette	WARN	TLS certificate errors will be ignored for this session
JavaScript warning: https://tgtag.io/tg.js, line 1: WebGL context was lost.
JavaScript warning: https://tgtag.io/tg.js, line 1: WebGL context was lost.
1618577406868	Marionette	INFO	Stopped listening on port 38445
console.log: WebExtensions: reset-default-search: No addons in our list are installed.
JavaScript error: https://www.ladbrokes.com.au/es6/js/vendors~app.d2939b43.js, line 1: Error: Unexpected API Error. Please see cause
JavaScript error: https://www.ladbrokes.com.au/es6/js/vendors~app.d2939b43.js, line 1: Error: Unexpected API Error. Please see cause
1618586462316	geckodriver	INFO	Listening on 127.0.0.1:47503
1618586463314	mozrunner::runner	INFO	Running command: "/usr/bin/firefox" "--marionette" "-foreground" "-no-remote" "-profile" "/tmp/rust_mozprofileAZ05FX"
console.warn: SearchSettings: "get: No settings file exists, new profile?" (new Error("", "(unknown module)"))
1618586465944	Marionette	INFO	Listening on port 35115
1618586466044	Marionette	WARN	TLS certificate errors will be ignored for this session
JavaScript warning: https://tgtag.io/tg.js, line 1: WebGL context was lost.
JavaScript warning: https://tgtag.io/tg.js, line 1: WebGL context was lost.
1618586471715	Marionette	INFO	Stopped listening on port 35115
1618586599181	geckodriver	INFO	Listening on 127.0.0.1:44961
1618586599184	mozrunner::runner	INFO	Running command: "/usr/bin/firefox" "--marionette" "-foreground" "-no-remote" "-profile" "/tmp/rust_mozprofileYYknzu"
console.warn: SearchSettings: "get: No settings file exists, new profile?" (new Error("", "(unknown module)"))
1618586601325	Marionette	INFO	Listening on port 37371
1618586601408	Marionette	WARN	TLS certificate errors will be ignored for this session
JavaScript warning: https://tgtag.io/tg.js, line 1: WebGL context was lost.
JavaScript warning: https://tgtag.io/tg.js, line 1: WebGL context was lost.
1618586624692	geckodriver	INFO	Listening on 127.0.0.1:35965
1618586624695	mozrunner::runner	INFO	Running command: "/usr/bin/firefox" "--marionette" "-foreground" "-no-remote" "-profile" "/tmp/rust_mozprofileJklWWk"
console.warn: SearchSettings: "get: No settings file exists, new profile?" (new Error("", "(unknown module)"))
1618586627029	Marionette	INFO	Listening on port 42487
1618586627123	Marionette	WARN	TLS certificate errors will be ignored for this session
JavaScript warning: https://tgtag.io/tg.js, line 1: WebGL context was lost.
JavaScript warning: https://tgtag.io/tg.js, line 1: WebGL context was lost.

(firefox:3732): GLib-GObject-CRITICAL **: 01:23:52.025: g_type_add_interface_static: assertion 'g_type_parent (interface_type) == G_TYPE_INTERFACE' failed

(firefox:3732): GLib-GObject-CRITICAL **: 01:23:52.026: g_type_add_interface_static: assertion 'g_type_parent (interface_type) == G_TYPE_INTERFACE' failed

(firefox:3732): GLib-GObject-CRITICAL **: 01:23:52.027: g_type_add_interface_static: assertion 'g_type_parent (interface_type) == G_TYPE_INTERFACE' failed

(firefox:3732): GLib-GObject-CRITICAL **: 01:23:52.027: g_type_add_interface_static: assertion 'g_type_parent (interface_type) == G_TYPE_INTERFACE' failed

(firefox:3732): GLib-GObject-CRITICAL **: 01:23:52.028: g_type_add_interface_static: assertion 'g_type_parent (interface_type) == G_TYPE_INTERFACE' failed

(firefox:3732): GLib-GObject-CRITICAL **: 01:23:52.028: g_type_add_interface_static: assertion 'g_type_parent (interface_type) == G_TYPE_INTERFACE' failed

(firefox:3732): GLib-GObject-CRITICAL **: 01:23:52.028: g_type_add_interface_static: assertion 'g_type_parent (interface_type) == G_TYPE_INTERFACE' failed

(firefox:3732): GLib-GObject-CRITICAL **: 01:23:52.028: g_type_add_interface_static: assertion 'g_type_parent (interface_type) == G_TYPE_INTERFACE' failed

(firefox:3732): GLib-GObject-CRITICAL **: 01:23:52.029: g_type_add_interface_static: assertion 'g_type_parent (interface_type) == G_TYPE_INTERFACE' failed
1618586634003	geckodriver	INFO	Listening on 127.0.0.1:33507
1618586634008	mozrunner::runner	INFO	Running command: "/usr/bin/firefox" "--marionette" "-foreground" "-no-remote" "-profile" "/tmp/rust_mozprofileQIEYZm"
console.warn: SearchSettings: "get: No settings file exists, new profile?" (new Error("", "(unknown module)"))
1618586636583	Marionette	INFO	Listening on port 40607
1618586636636	Marionette	WARN	TLS certificate errors will be ignored for this session
JavaScript warning: https://tgtag.io/tg.js, line 1: WebGL context was lost.
JavaScript warning: https://tgtag.io/tg.js, line 1: WebGL context was lost.

(firefox:3952): GLib-GObject-CRITICAL **: 01:24:00.495: g_type_add_interface_static: assertion 'g_type_parent (interface_type) == G_TYPE_INTERFACE' failed

(firefox:3952): GLib-GObject-CRITICAL **: 01:24:00.495: g_type_add_interface_static: assertion 'g_type_parent (interface_type) == G_TYPE_INTERFACE' failed

(firefox:3952): GLib-GObject-CRITICAL **: 01:24:00.495: g_type_add_interface_static: assertion 'g_type_parent (interface_type) == G_TYPE_INTERFACE' failed

(firefox:3952): GLib-GObject-CRITICAL **: 01:24:00.495: g_type_add_interface_static: assertion 'g_type_parent (interface_type) == G_TYPE_INTERFACE' failed

(firefox:3952): GLib-GObject-CRITICAL **: 01:24:00.496: g_type_add_interface_static: assertion 'g_type_parent (interface_type) == G_TYPE_INTERFACE' failed

(firefox:3952): GLib-GObject-CRITICAL **: 01:24:00.496: g_type_add_interface_static: assertion 'g_type_parent (interface_type) == G_TYPE_INTERFACE' failed

(firefox:3952): GLib-GObject-CRITICAL **: 01:24:00.497: g_type_add_interface_static: assertion 'g_type_parent (interface_type) == G_TYPE_INTERFACE' failed

(firefox:3952): GLib-GObject-CRITICAL **: 01:24:00.497: g_type_add_interface_static: assertion 'g_type_parent (interface_type) == G_TYPE_INTERFACE' failed
1618586657059	Marionette	INFO	Stopped listening on port 40607
console.log: WebExtensions: reset-default-search: No addons in our list are installed.
console.log: WebExtensions: reset-default-search: No addons in our list are installed.
1618587296021	geckodriver	INFO	Listening on 127.0.0.1:37647
1618587296025	mozrunner::runner	INFO	Running command: "/usr/bin/firefox" "--marionette" "-foreground" "-no-remote" "-profile" "/tmp/rust_mozprofilenUm18e"
console.warn: SearchSettings: "get: No settings file exists, new profile?" (new Error("", "(unknown module)"))
1618587298365	Marionette	INFO	Listening on port 36771
1618587298450	Marionette	WARN	TLS certificate errors will be ignored for this session
JavaScript warning: https://tgtag.io/tg.js, line 1: WebGL context was lost.
JavaScript warning: https://tgtag.io/tg.js, line 1: WebGL context was lost.
1618587354671	geckodriver	INFO	Listening on 127.0.0.1:52413
1618587354675	mozrunner::runner	INFO	Running command: "/usr/bin/firefox" "--marionette" "-foreground" "-no-remote" "-profile" "/tmp/rust_mozprofile2PYiey"
console.warn: SearchSettings: "get: No settings file exists, new profile?" (new Error("", "(unknown module)"))
1618587357208	Marionette	INFO	Listening on port 39843
1618587357305	Marionette	WARN	TLS certificate errors will be ignored for this session
JavaScript warning: https://tgtag.io/tg.js, line 1: WebGL context was lost.
JavaScript warning: https://tgtag.io/tg.js, line 1: WebGL context was lost.
1618587380569	geckodriver	INFO	Listening on 127.0.0.1:49331
1618587380575	mozrunner::runner	INFO	Running command: "/usr/bin/firefox" "--marionette" "-foreground" "-no-remote" "-profile" "/tmp/rust_mozprofileUfnIQI"
console.warn: SearchSettings: "get: No settings file exists, new profile?" (new Error("", "(unknown module)"))
1618587383281	Marionette	INFO	Listening on port 40833
1618587383405	Marionette	WARN	TLS certificate errors will be ignored for this session
JavaScript warning: https://tgtag.io/tg.js, line 1: WebGL context was lost.
JavaScript warning: https://tgtag.io/tg.js, line 1: WebGL context was lost.
1618587388465	Marionette	INFO	Stopped listening on port 40833
console.log: WebExtensions: reset-default-search: No addons in our list are installed.
console.log: WebExtensions: reset-default-search: No addons in our list are installed.
SourceActor threw an exception: [Exception... "Component returned failure code: 0x80470002 (NS_BASE_STREAM_CLOSED) [nsIInputStream.available]"  nsresult: "0x80470002 (NS_BASE_STREAM_CLOSED)"  location: "JS frame :: resource://devtools/shared/DevToolsUtils.js :: onResponse :: line 567"  data: no]
Stack: onResponse@resource://devtools/shared/DevToolsUtils.js:567:34
onStopRequest@resource://gre/modules/NetUtil.jsm:128:18
Line: 567, column: 0
console.error: ({})
JavaScript error: resource://devtools/shared/DevToolsUtils.js, line 567: NS_BASE_STREAM_CLOSED: Component returned failure code: 0x80470002 (NS_BASE_STREAM_CLOSED) [nsIInputStream.available]
1618588812583	Marionette	INFO	Stopped listening on port 39843
1618588822204	geckodriver	INFO	Listening on 127.0.0.1:40355
1618588822209	mozrunner::runner	INFO	Running command: "/usr/bin/firefox" "--marionette" "-foreground" "-no-remote" "-profile" "/tmp/rust_mozprofilecVvwFF"
console.warn: SearchSettings: "get: No settings file exists, new profile?" (new Error("", "(unknown module)"))
1618588825098	Marionette	INFO	Listening on port 44547
1618588825139	Marionette	WARN	TLS certificate errors will be ignored for this session
JavaScript warning: https://tgtag.io/tg.js, line 1: WebGL context was lost.
JavaScript warning: https://tgtag.io/tg.js, line 1: WebGL context was lost.
1618588851064	geckodriver	INFO	Listening on 127.0.0.1:33451
1618588851071	mozrunner::runner	INFO	Running command: "/usr/bin/firefox" "--marionette" "-foreground" "-no-remote" "-profile" "/tmp/rust_mozprofileCHVBdp"
console.warn: SearchSettings: "get: No settings file exists, new profile?" (new Error("", "(unknown module)"))
1618588854108	Marionette	INFO	Listening on port 45805
1618588854209	Marionette	WARN	TLS certificate errors will be ignored for this session
1618588857069	Marionette	INFO	Stopped listening on port 44547
1618588858378	Marionette	INFO	Stopped listening on port 45805
IPDL protocol error: Handler returned error code!

###!!! [Parent][DispatchAsyncMessage] Error: PLayerTransaction::Msg_ReleaseLayer Processing error: message was deserialized, but the handler returned false (indicating failure)

IPDL protocol error: Handler returned error code!

###!!! [Parent][DispatchAsyncMessage] Error: PLayerTransaction::Msg_ReleaseLayer Processing error: message was deserialized, but the handler returned false (indicating failure)

IPDL protocol error: Handler returned error code!

###!!! [Parent][DispatchAsyncMessage] Error: PLayerTransaction::Msg_ReleaseLayer Processing error: message was deserialized, but the handler returned false (indicating failure)

IPDL protocol error: Handler returned error code!

###!!! [Parent][DispatchAsyncMessage] Error: PLayerTransaction::Msg_ReleaseLayer Processing error: message was deserialized, but the handler returned false (indicating failure)

IPDL protocol error: Handler returned error code!

###!!! [Parent][DispatchAsyncMessage] Error: PLayerTransaction::Msg_ReleaseLayer Processing error: message was deserialized, but the handler returned false (indicating failure)

IPDL protocol error: Handler returned error code!

###!!! [Parent][DispatchAsyncMessage] Error: PLayerTransaction::Msg_ReleaseLayer Processing error: message was deserialized, but the handler returned false (indicating failure)

IPDL protocol error: Handler returned error code!

###!!! [Parent][DispatchAsyncMessage] Error: PLayerTransaction::Msg_ReleaseLayer Processing error: message was deserialized, but the handler returned false (indicating failure)

IPDL protocol error: Handler returned error code!

###!!! [Parent][DispatchAsyncMessage] Error: PLayerTransaction::Msg_ReleaseLayer Processing error: message was deserialized, but the handler returned false (indicating failure)

IPDL protocol error: Handler returned error code!

###!!! [Parent][DispatchAsyncMessage] Error: PLayerTransaction::Msg_ReleaseLayer Processing error: message was deserialized, but the handler returned false (indicating failure)

IPDL protocol error: Handler returned error code!

###!!! [Parent][DispatchAsyncMessage] Error: PLayerTransaction::Msg_ReleaseLayer Processing error: message was deserialized, but the handler returned false (indicating failure)

IPDL protocol error: Handler returned error code!

###!!! [Parent][DispatchAsyncMessage] Error: PLayerTransaction::Msg_ReleaseLayer Processing error: message was deserialized, but the handler returned false (indicating failure)

IPDL protocol error: Handler returned error code!

###!!! [Parent][DispatchAsyncMessage] Error: PLayerTransaction::Msg_ReleaseLayer Processing error: message was deserialized, but the handler returned false (indicating failure)

IPDL protocol error: Handler returned error code!

###!!! [Parent][DispatchAsyncMessage] Error: PLayerTransaction::Msg_ReleaseLayer Processing error: message was deserialized, but the handler returned false (indicating failure)

IPDL protocol error: Handler returned error code!

###!!! [Parent][DispatchAsyncMessage] Error: PLayerTransaction::Msg_ReleaseLayer Processing error: message was deserialized, but the handler returned false (indicating failure)

IPDL protocol error: Handler returned error code!

###!!! [Parent][DispatchAsyncMessage] Error: PLayerTransaction::Msg_ReleaseLayer Processing error: message was deserialized, but the handler returned false (indicating failure)

IPDL protocol error: Handler returned error code!

###!!! [Parent][DispatchAsyncMessage] Error: PLayerTransaction::Msg_ReleaseLayer Processing error: message was deserialized, but the handler returned false (indicating failure)

IPDL protocol error: Handler returned error code!

###!!! [Parent][DispatchAsyncMessage] Error: PLayerTransaction::Msg_ReleaseLayer Processing error: message was deserialized, but the handler returned false (indicating failure)

IPDL protocol error: Handler returned error code!

###!!! [Parent][DispatchAsyncMessage] Error: PLayerTransaction::Msg_ReleaseLayer Processing error: message was deserialized, but the handler returned false (indicating failure)

IPDL protocol error: Handler returned error code!

###!!! [Parent][DispatchAsyncMessage] Error: PLayerTransaction::Msg_ReleaseLayer Processing error: message was deserialized, but the handler returned false (indicating failure)

IPDL protocol error: Handler returned error code!

###!!! [Parent][DispatchAsyncMessage] Error: PLayerTransaction::Msg_ReleaseLayer Processing error: message was deserialized, but the handler returned false (indicating failure)

IPDL protocol error: Handler returned error code!

###!!! [Parent][DispatchAsyncMessage] Error: PLayerTransaction::Msg_ReleaseLayer Processing error: message was deserialized, but the handler returned false (indicating failure)

IPDL protocol error: Handler returned error code!

###!!! [Parent][DispatchAsyncMessage] Error: PLayerTransaction::Msg_ReleaseLayer Processing error: message was deserialized, but the handler returned false (indicating failure)

IPDL protocol error: Handler returned error code!

###!!! [Parent][DispatchAsyncMessage] Error: PLayerTransaction::Msg_ReleaseLayer Processing error: message was deserialized, but the handler returned false (indicating failure)

IPDL protocol error: Handler returned error code!

###!!! [Parent][DispatchAsyncMessage] Error: PLayerTransaction::Msg_ReleaseLayer Processing error: message was deserialized, but the handler returned false (indicating failure)

IPDL protocol error: Handler returned error code!

###!!! [Parent][DispatchAsyncMessage] Error: PLayerTransaction::Msg_ReleaseLayer Processing error: message was deserialized, but the handler returned false (indicating failure)

IPDL protocol error: Handler returned error code!

###!!! [Parent][DispatchAsyncMessage] Error: PLayerTransaction::Msg_ReleaseLayer Processing error: message was deserialized, but the handler returned false (indicating failure)

IPDL protocol error: Handler returned error code!

###!!! [Parent][DispatchAsyncMessage] Error: PLayerTransaction::Msg_ReleaseLayer Processing error: message was deserialized, but the handler returned false (indicating failure)

IPDL protocol error: Handler returned error code!

###!!! [Parent][DispatchAsyncMessage] Error: PLayerTransaction::Msg_ReleaseLayer Processing error: message was deserialized, but the handler returned false (indicating failure)

IPDL protocol error: Handler returned error code!

###!!! [Parent][DispatchAsyncMessage] Error: PLayerTransaction::Msg_ReleaseLayer Processing error: message was deserialized, but the handler returned false (indicating failure)

IPDL protocol error: Handler returned error code!

###!!! [Parent][DispatchAsyncMessage] Error: PLayerTransaction::Msg_ReleaseLayer Processing error: message was deserialized, but the handler returned false (indicating failure)

IPDL protocol error: Handler returned error code!

###!!! [Parent][DispatchAsyncMessage] Error: PLayerTransaction::Msg_ReleaseLayer Processing error: message was deserialized, but the handler returned false (indicating failure)

IPDL protocol error: Handler returned error code!

###!!! [Parent][DispatchAsyncMessage] Error: PLayerTransaction::Msg_ReleaseLayer Processing error: message was deserialized, but the handler returned false (indicating failure)

IPDL protocol error: Handler returned error code!

###!!! [Parent][DispatchAsyncMessage] Error: PLayerTransaction::Msg_ReleaseLayer Processing error: message was deserialized, but the handler returned false (indicating failure)

IPDL protocol error: Handler returned error code!

###!!! [Parent][DispatchAsyncMessage] Error: PLayerTransaction::Msg_ReleaseLayer Processing error: message was deserialized, but the handler returned false (indicating failure)

IPDL protocol error: Handler returned error code!

###!!! [Parent][DispatchAsyncMessage] Error: PLayerTransaction::Msg_ReleaseLayer Processing error: message was deserialized, but the handler returned false (indicating failure)

IPDL protocol error: Handler returned error code!

###!!! [Parent][DispatchAsyncMessage] Error: PLayerTransaction::Msg_ReleaseLayer Processing error: message was deserialized, but the handler returned false (indicating failure)

IPDL protocol error: Handler returned error code!

###!!! [Parent][DispatchAsyncMessage] Error: PLayerTransaction::Msg_ReleaseLayer Processing error: message was deserialized, but the handler returned false (indicating failure)

IPDL protocol error: Handler returned error code!

###!!! [Parent][DispatchAsyncMessage] Error: PLayerTransaction::Msg_ReleaseLayer Processing error: message was deserialized, but the handler returned false (indicating failure)

IPDL protocol error: Handler returned error code!

###!!! [Parent][DispatchAsyncMessage] Error: PLayerTransaction::Msg_ReleaseLayer Processing error: message was deserialized, but the handler returned false (indicating failure)

IPDL protocol error: Handler returned error code!

###!!! [Parent][DispatchAsyncMessage] Error: PLayerTransaction::Msg_ReleaseLayer Processing error: message was deserialized, but the handler returned false (indicating failure)

IPDL protocol error: Handler returned error code!

###!!! [Parent][DispatchAsyncMessage] Error: PLayerTransaction::Msg_ReleaseLayer Processing error: message was deserialized, but the handler returned false (indicating failure)

IPDL protocol error: Handler returned error code!

###!!! [Parent][DispatchAsyncMessage] Error: PLayerTransaction::Msg_ReleaseLayer Processing error: message was deserialized, but the handler returned false (indicating failure)

IPDL protocol error: Handler returned error code!

###!!! [Parent][DispatchAsyncMessage] Error: PLayerTransaction::Msg_ReleaseLayer Processing error: message was deserialized, but the handler returned false (indicating failure)

IPDL protocol error: Handler returned error code!

###!!! [Parent][DispatchAsyncMessage] Error: PLayerTransaction::Msg_ReleaseLayer Processing error: message was deserialized, but the handler returned false (indicating failure)

IPDL protocol error: Handler returned error code!

###!!! [Parent][DispatchAsyncMessage] Error: PLayerTransaction::Msg_ReleaseLayer Processing error: message was deserialized, but the handler returned false (indicating failure)

IPDL protocol error: Handler returned error code!

###!!! [Parent][DispatchAsyncMessage] Error: PLayerTransaction::Msg_ReleaseLayer Processing error: message was deserialized, but the handler returned false (indicating failure)

IPDL protocol error: Handler returned error code!

###!!! [Parent][DispatchAsyncMessage] Error: PLayerTransaction::Msg_ReleaseLayer Processing error: message was deserialized, but the handler returned false (indicating failure)

IPDL protocol error: Handler returned error code!

###!!! [Parent][DispatchAsyncMessage] Error: PLayerTransaction::Msg_ReleaseLayer Processing error: message was deserialized, but the handler returned false (indicating failure)

IPDL protocol error: Handler returned error code!

###!!! [Parent][DispatchAsyncMessage] Error: PLayerTransaction::Msg_ReleaseLayer Processing error: message was deserialized, but the handler returned false (indicating failure)

IPDL protocol error: Handler returned error code!

###!!! [Parent][DispatchAsyncMessage] Error: PLayerTransaction::Msg_ReleaseLayer Processing error: message was deserialized, but the handler returned false (indicating failure)

IPDL protocol error: Handler returned error code!

###!!! [Parent][DispatchAsyncMessage] Error: PLayerTransaction::Msg_ReleaseLayer Processing error: message was deserialized, but the handler returned false (indicating failure)

IPDL protocol error: Handler returned error code!

###!!! [Parent][DispatchAsyncMessage] Error: PLayerTransaction::Msg_ReleaseLayer Processing error: message was deserialized, but the handler returned false (indicating failure)

IPDL protocol error: Handler returned error code!

###!!! [Parent][DispatchAsyncMessage] Error: PLayerTransaction::Msg_ReleaseLayer Processing error: message was deserialized, but the handler returned false (indicating failure)

IPDL protocol error: Handler returned error code!

###!!! [Parent][DispatchAsyncMessage] Error: PLayerTransaction::Msg_ReleaseLayer Processing error: message was deserialized, but the handler returned false (indicating failure)

IPDL protocol error: Handler returned error code!

###!!! [Parent][DispatchAsyncMessage] Error: PLayerTransaction::Msg_ReleaseLayer Processing error: message was deserialized, but the handler returned false (indicating failure)

IPDL protocol error: Handler returned error code!

###!!! [Parent][DispatchAsyncMessage] Error: PLayerTransaction::Msg_ReleaseLayer Processing error: message was deserialized, but the handler returned false (indicating failure)

IPDL protocol error: Handler returned error code!

###!!! [Parent][DispatchAsyncMessage] Error: PLayerTransaction::Msg_ReleaseLayer Processing error: message was deserialized, but the handler returned false (indicating failure)

IPDL protocol error: Handler returned error code!

###!!! [Parent][DispatchAsyncMessage] Error: PLayerTransaction::Msg_ReleaseLayer Processing error: message was deserialized, but the handler returned false (indicating failure)

IPDL protocol error: Handler returned error code!

###!!! [Parent][DispatchAsyncMessage] Error: PLayerTransaction::Msg_ReleaseLayer Processing error: message was deserialized, but the handler returned false (indicating failure)

IPDL protocol error: Handler returned error code!

###!!! [Parent][DispatchAsyncMessage] Error: PLayerTransaction::Msg_ReleaseLayer Processing error: message was deserialized, but the handler returned false (indicating failure)


###!!! [Child][MessageChannel] Error: (msgtype=0x3A0143,name=PContent::Msg_ScriptError) Channel closing: too late to send/recv, messages will be lost


###!!! [Child][MessageChannel] Error: (msgtype=0xB70006,name=PWebSocket::Msg_DeleteSelf) Channel closing: too late to send/recv, messages will be lost

JavaScript error: resource://gre/modules/Sqlite.jsm, line 1030: Error: Sqlite.jsm has been shutdown. Cannot open connection to: /tmp/rust_mozprofileCHVBdp/protections.sqlite
1618588907460	geckodriver	INFO	Listening on 127.0.0.1:35233
1618588907464	mozrunner::runner	INFO	Running command: "/usr/bin/firefox" "--marionette" "-foreground" "-no-remote" "-profile" "/tmp/rust_mozprofile03EDfS"
console.warn: SearchSettings: "get: No settings file exists, new profile?" (new Error("", "(unknown module)"))
1618588910520	Marionette	INFO	Listening on port 39177
1618588910595	Marionette	WARN	TLS certificate errors will be ignored for this session
JavaScript warning: https://tgtag.io/tg.js, line 1: WebGL context was lost.
JavaScript warning: https://tgtag.io/tg.js, line 1: WebGL context was lost.
IPDL protocol error: Handler returned error code!

###!!! [Parent][DispatchAsyncMessage] Error: PLayerTransaction::Msg_ReleaseLayer Processing error: message was deserialized, but the handler returned false (indicating failure)

IPDL protocol error: Handler returned error code!

###!!! [Parent][DispatchAsyncMessage] Error: PLayerTransaction::Msg_ReleaseLayer Processing error: message was deserialized, but the handler returned false (indicating failure)

IPDL protocol error: Handler returned error code!

###!!! [Parent][DispatchAsyncMessage] Error: PLayerTransaction::Msg_ReleaseLayer Processing error: message was deserialized, but the handler returned false (indicating failure)

IPDL protocol error: Handler returned error code!

###!!! [Parent][DispatchAsyncMessage] Error: PLayerTransaction::Msg_ReleaseLayer Processing error: message was deserialized, but the handler returned false (indicating failure)

IPDL protocol error: Handler returned error code!

###!!! [Parent][DispatchAsyncMessage] Error: PLayerTransaction::Msg_ReleaseLayer Processing error: message was deserialized, but the handler returned false (indicating failure)

IPDL protocol error: Handler returned error code!

###!!! [Parent][DispatchAsyncMessage] Error: PLayerTransaction::Msg_ReleaseLayer Processing error: message was deserialized, but the handler returned false (indicating failure)

IPDL protocol error: Handler returned error code!

###!!! [Parent][DispatchAsyncMessage] Error: PLayerTransaction::Msg_ReleaseLayer Processing error: message was deserialized, but the handler returned false (indicating failure)

IPDL protocol error: Handler returned error code!

###!!! [Parent][DispatchAsyncMessage] Error: PLayerTransaction::Msg_ReleaseLayer Processing error: message was deserialized, but the handler returned false (indicating failure)

IPDL protocol error: Handler returned error code!

###!!! [Parent][DispatchAsyncMessage] Error: PLayerTransaction::Msg_ReleaseLayer Processing error: message was deserialized, but the handler returned false (indicating failure)

IPDL protocol error: Handler returned error code!

###!!! [Parent][DispatchAsyncMessage] Error: PLayerTransaction::Msg_ReleaseLayer Processing error: message was deserialized, but the handler returned false (indicating failure)


###!!! [Child][RunMessage] Error: Channel closing: too late to send/recv, messages will be lost

1618589035996	Marionette	INFO	Stopped listening on port 39177
1618589042012	Marionette	INFO	Stopped listening on port 42487
1618589045628	Marionette	INFO	Stopped listening on port 36771
1618589047189	Marionette	INFO	Stopped listening on port 37371

###!!! [Parent][RunMessage] Error: Channel closing: too late to send/recv, messages will be lost

1618589050871	geckodriver	INFO	Listening on 127.0.0.1:48383
1618589050880	mozrunner::runner	INFO	Running command: "/usr/bin/firefox" "--marionette" "-foreground" "-no-remote" "-profile" "/tmp/rust_mozprofilels3Ff2"
console.warn: SearchSettings: "get: No settings file exists, new profile?" (new Error("", "(unknown module)"))
1618589053454	Marionette	INFO	Listening on port 34577
1618589053516	Marionette	WARN	TLS certificate errors will be ignored for this session
JavaScript warning: https://tgtag.io/tg.js, line 1: WebGL context was lost.
JavaScript warning: https://tgtag.io/tg.js, line 1: WebGL context was lost.
1618589057699	Marionette	INFO	Stopped listening on port 34577
1618589111396	geckodriver	INFO	Listening on 127.0.0.1:46721
1618589111400	mozrunner::runner	INFO	Running command: "/usr/bin/firefox" "--marionette" "-foreground" "-no-remote" "-profile" "/tmp/rust_mozprofileN7uYuC"
console.warn: SearchSettings: "get: No settings file exists, new profile?" (new Error("", "(unknown module)"))
1618589114159	Marionette	INFO	Listening on port 38899
1618589114229	Marionette	WARN	TLS certificate errors will be ignored for this session
JavaScript warning: https://tgtag.io/tg.js, line 1: WebGL context was lost.
JavaScript warning: https://tgtag.io/tg.js, line 1: WebGL context was lost.
1618589246200	geckodriver	INFO	Listening on 127.0.0.1:45725
1618589246203	mozrunner::runner	INFO	Running command: "/usr/bin/firefox" "--marionette" "-foreground" "-no-remote" "-profile" "/tmp/rust_mozprofiledJckGW"
console.warn: SearchSettings: "get: No settings file exists, new profile?" (new Error("", "(unknown module)"))
1618589249048	Marionette	INFO	Listening on port 36009
1618589249138	Marionette	WARN	TLS certificate errors will be ignored for this session
JavaScript warning: https://tgtag.io/tg.js, line 1: WebGL context was lost.
JavaScript warning: https://tgtag.io/tg.js, line 1: WebGL context was lost.
1618589347595	geckodriver	INFO	Listening on 127.0.0.1:36253
1618589347599	mozrunner::runner	INFO	Running command: "/usr/bin/firefox" "--marionette" "-foreground" "-no-remote" "-profile" "/tmp/rust_mozprofilekFYLCT"
console.warn: SearchSettings: "get: No settings file exists, new profile?" (new Error("", "(unknown module)"))
1618589350579	Marionette	INFO	Listening on port 44261
1618589350639	Marionette	WARN	TLS certificate errors will be ignored for this session
JavaScript warning: https://tgtag.io/tg.js, line 1: WebGL context was lost.
JavaScript warning: https://tgtag.io/tg.js, line 1: WebGL context was lost.
1618589355473	Marionette	INFO	Stopped listening on port 44261
JavaScript error: resource://gre/modules/Sqlite.jsm, line 1030: Error: Sqlite.jsm has been shutdown. Cannot open connection to: /tmp/rust_mozprofilekFYLCT/protections.sqlite

###!!! [Child][RunMessage] Error: Channel closing: too late to send/recv, messages will be lost

JavaScript error: , line 0: NetworkError: A network error occurred.
JavaScript error: , line 0: NetworkError: A network error occurred.
JavaScript error: , line 0: NetworkError: A network error occurred.
JavaScript warning: https://tpc.googlesyndication.com/pagead/js/r20210414/r20110914/client/qs_click_protection_fy2019.js, line 7: Script terminated by timeout at:
da@https://tpc.googlesyndication.com/pagead/js/r20210414/r20110914/client/qs_click_protection_fy2019.js:7:526
@https://tpc.googlesyndication.com/pagead/js/r20210414/r20110914/client/qs_click_protection_fy2019.js:12:1414
@https://tpc.googlesyndication.com/pagead/js/r20210414/r20110914/client/qs_click_protection_fy2019.js:23:335

JavaScript error: https://b29f0e7ae617588bf74c2a025fd49dee.safeframe.googlesyndication.com/safeframe/1-0-38/html/container.html, line 13: ReferenceError: googqscp is not defined
console.log: WebExtensions: reset-default-search: No addons in our list are installed.
console.log: WebExtensions: reset-default-search: No addons in our list are installed.
JavaScript error: https://playtime.tubemogul.com/ad_html_assets/14786483_1915343118/Citibank_Bonds_Creative1_HTML5_300x250/libs/AdHelper.min.js, line 1: TypeError: this._stage is undefined
1618589742820	geckodriver	INFO	Listening on 127.0.0.1:51411
1618589742823	mozrunner::runner	INFO	Running command: "/usr/bin/firefox" "--marionette" "-foreground" "-no-remote" "-profile" "/tmp/rust_mozprofile3pwkGw"
console.warn: SearchSettings: "get: No settings file exists, new profile?" (new Error("", "(unknown module)"))
1618589744298	Marionette	INFO	Listening on port 35115
1618589744338	Marionette	WARN	TLS certificate errors will be ignored for this session
JavaScript warning: https://tgtag.io/tg.js, line 1: WebGL context was lost.
JavaScript warning: https://tgtag.io/tg.js, line 1: WebGL context was lost.
1618589756992	Marionette	INFO	Stopped listening on port 35115
1618589782812	geckodriver	INFO	Listening on 127.0.0.1:35125
1618589782815	mozrunner::runner	INFO	Running command: "/usr/bin/firefox" "--marionette" "-foreground" "-no-remote" "-profile" "/tmp/rust_mozprofiley5zt56"
console.warn: SearchSettings: "get: No settings file exists, new profile?" (new Error("", "(unknown module)"))
1618589784460	Marionette	INFO	Listening on port 37843
1618589784534	Marionette	WARN	TLS certificate errors will be ignored for this session
JavaScript warning: https://tgtag.io/tg.js, line 1: WebGL context was lost.
JavaScript warning: https://tgtag.io/tg.js, line 1: WebGL context was lost.
1618589797230	Marionette	INFO	Stopped listening on port 37843
1618589808780	geckodriver	INFO	Listening on 127.0.0.1:44365
1618589808783	mozrunner::runner	INFO	Running command: "/usr/bin/firefox" "--marionette" "-foreground" "-no-remote" "-profile" "/tmp/rust_mozprofilefiA1Gi"
console.warn: SearchSettings: "get: No settings file exists, new profile?" (new Error("", "(unknown module)"))
1618589810386	Marionette	INFO	Listening on port 34979
1618589810398	Marionette	WARN	TLS certificate errors will be ignored for this session
JavaScript warning: https://tgtag.io/tg.js, line 1: WebGL context was lost.
JavaScript warning: https://tgtag.io/tg.js, line 1: WebGL context was lost.
1618589815958	Marionette	INFO	Stopped listening on port 34979
JavaScript error: https://playtime.tubemogul.com/ad_html_assets/14461500_1318237977/Citibank_Wealth_Male_Older_Asian_Retarget_V1_HTML5_300x600/libs/AdHelper.min.js, line 1: TypeError: this._stage is undefined
1618589960067	geckodriver	INFO	Listening on 127.0.0.1:60841
1618589960070	mozrunner::runner	INFO	Running command: "/usr/bin/firefox" "--marionette" "-foreground" "-no-remote" "-profile" "/tmp/rust_mozprofilensz4Dp"
console.warn: SearchSettings: "get: No settings file exists, new profile?" (new Error("", "(unknown module)"))
1618589961673	Marionette	INFO	Listening on port 37865
1618589961692	Marionette	WARN	TLS certificate errors will be ignored for this session
JavaScript warning: https://tgtag.io/tg.js, line 1: WebGL context was lost.
JavaScript warning: https://tgtag.io/tg.js, line 1: WebGL context was lost.
1618589976032	geckodriver	INFO	Listening on 127.0.0.1:37641
1618589976035	mozrunner::runner	INFO	Running command: "/usr/bin/firefox" "--marionette" "-foreground" "-no-remote" "-profile" "/tmp/rust_mozprofilelZaV9y"
console.warn: SearchSettings: "get: No settings file exists, new profile?" (new Error("", "(unknown module)"))
1618589977684	Marionette	INFO	Listening on port 33055
1618589977760	Marionette	WARN	TLS certificate errors will be ignored for this session
1618589978979	Marionette	INFO	Stopped listening on port 37865
JavaScript warning: https://tgtag.io/tg.js, line 1: WebGL context was lost.
JavaScript warning: https://tgtag.io/tg.js, line 1: WebGL context was lost.
1618589981382	Marionette	INFO	Stopped listening on port 33055
IPDL protocol error: Handler returned error code!

###!!! [Parent][DispatchAsyncMessage] Error: PLayerTransaction::Msg_ReleaseLayer Processing error: message was deserialized, but the handler returned false (indicating failure)

IPDL protocol error: Handler returned error code!

###!!! [Parent][DispatchAsyncMessage] Error: PLayerTransaction::Msg_ReleaseLayer Processing error: message was deserialized, but the handler returned false (indicating failure)

IPDL protocol error: Handler returned error code!

###!!! [Parent][DispatchAsyncMessage] Error: PLayerTransaction::Msg_ReleaseLayer Processing error: message was deserialized, but the handler returned false (indicating failure)

IPDL protocol error: Handler returned error code!

###!!! [Parent][DispatchAsyncMessage] Error: PLayerTransaction::Msg_ReleaseLayer Processing error: message was deserialized, but the handler returned false (indicating failure)

IPDL protocol error: Handler returned error code!

###!!! [Parent][DispatchAsyncMessage] Error: PLayerTransaction::Msg_ReleaseLayer Processing error: message was deserialized, but the handler returned false (indicating failure)

IPDL protocol error: Handler returned error code!

###!!! [Parent][DispatchAsyncMessage] Error: PLayerTransaction::Msg_ReleaseLayer Processing error: message was deserialized, but the handler returned false (indicating failure)

IPDL protocol error: Handler returned error code!

###!!! [Parent][DispatchAsyncMessage] Error: PLayerTransaction::Msg_ReleaseLayer Processing error: message was deserialized, but the handler returned false (indicating failure)

IPDL protocol error: Handler returned error code!

###!!! [Parent][DispatchAsyncMessage] Error: PLayerTransaction::Msg_ReleaseLayer Processing error: message was deserialized, but the handler returned false (indicating failure)

IPDL protocol error: Handler returned error code!

###!!! [Parent][DispatchAsyncMessage] Error: PLayerTransaction::Msg_ReleaseLayer Processing error: message was deserialized, but the handler returned false (indicating failure)

IPDL protocol error: Handler returned error code!

###!!! [Parent][DispatchAsyncMessage] Error: PLayerTransaction::Msg_ReleaseLayer Processing error: message was deserialized, but the handler returned false (indicating failure)

IPDL protocol error: Handler returned error code!

###!!! [Parent][DispatchAsyncMessage] Error: PLayerTransaction::Msg_ReleaseLayer Processing error: message was deserialized, but the handler returned false (indicating failure)

IPDL protocol error: Handler returned error code!

###!!! [Parent][DispatchAsyncMessage] Error: PLayerTransaction::Msg_ReleaseLayer Processing error: message was deserialized, but the handler returned false (indicating failure)

1618589981955	Marionette	INFO	Stopped listening on port 38899
JavaScript error: https://playtime.tubemogul.com/ad_html_assets/14786483_1915343118/Citibank_Bonds_Creative1_HTML5_300x250/libs/AdHelper.min.js, line 1: TypeError: this._stage is undefined
1618995061643	geckodriver	INFO	Listening on 127.0.0.1:34015
1618995062715	mozrunner::runner	INFO	Running command: "/usr/bin/firefox" "--marionette" "-foreground" "-no-remote" "-profile" "/tmp/rust_mozprofile1ep5QU"
console.warn: SearchSettings: "get: No settings file exists, new profile?" (new Error("", "(unknown module)"))
1618995066354	Marionette	INFO	Listening on port 37907
1618995066460	Marionette	WARN	TLS certificate errors will be ignored for this session
JavaScript warning: https://tgtag.io/tg.js, line 1: WebGL context was lost.
JavaScript warning: https://tgtag.io/tg.js, line 1: WebGL context was lost.
1618995072311	Marionette	INFO	Stopped listening on port 37907
